execve("/usr/bin/git", ["git", "push"], 0x7ffd4a7205c8 /* 27 vars */) = 0
brk(NULL)                               = 0x5576e3193000
arch_prctl(0x3001 /* ARCH_??? */, 0x7fff0b7fc1f0) = -1 EINVAL (Invalid argument)
mmap(NULL, 8192, PROT_READ|PROT_WRITE, MAP_PRIVATE|MAP_ANONYMOUS, -1, 0) = 0x7f7ec6aac000
access("/etc/ld.so.preload", R_OK)      = -1 ENOENT (No such file or directory)
openat(AT_FDCWD, "/etc/ld.so.cache", O_RDONLY|O_CLOEXEC) = 3
newfstatat(3, "", {st_mode=S_IFREG|0644, st_size=14963, ...}, AT_EMPTY_PATH) = 0
mmap(NULL, 14963, PROT_READ, MAP_PRIVATE, 3, 0) = 0x7f7ec6aa8000
close(3)                                = 0
openat(AT_FDCWD, "/lib/x86_64-linux-gnu/libpcre2-8.so.0", O_RDONLY|O_CLOEXEC) = 3
read(3, "\177ELF\2\1\1\0\0\0\0\0\0\0\0\0\3\0>\0\1\0\0\0\0\0\0\0\0\0\0\0"..., 832) = 832
newfstatat(3, "", {st_mode=S_IFREG|0644, st_size=613064, ...}, AT_EMPTY_PATH) = 0
mmap(NULL, 615184, PROT_READ, MAP_PRIVATE|MAP_DENYWRITE, 3, 0) = 0x7f7ec6a11000
mmap(0x7f7ec6a13000, 438272, PROT_READ|PROT_EXEC, MAP_PRIVATE|MAP_FIXED|MAP_DENYWRITE, 3, 0x2000) = 0x7f7ec6a13000
mmap(0x7f7ec6a7e000, 163840, PROT_READ, MAP_PRIVATE|MAP_FIXED|MAP_DENYWRITE, 3, 0x6d000) = 0x7f7ec6a7e000
mmap(0x7f7ec6aa6000, 8192, PROT_READ|PROT_WRITE, MAP_PRIVATE|MAP_FIXED|MAP_DENYWRITE, 3, 0x94000) = 0x7f7ec6aa6000
close(3)                                = 0
openat(AT_FDCWD, "/lib/x86_64-linux-gnu/libz.so.1", O_RDONLY|O_CLOEXEC) = 3
read(3, "\177ELF\2\1\1\3\0\0\0\0\0\0\0\0\3\0>\0\1\0\0\0\0\0\0\0\0\0\0\0"..., 832) = 832
newfstatat(3, "", {st_mode=S_IFREG|0644, st_size=108936, ...}, AT_EMPTY_PATH) = 0
mmap(NULL, 110776, PROT_READ, MAP_PRIVATE|MAP_DENYWRITE, 3, 0) = 0x7f7ec69f5000
mprotect(0x7f7ec69f7000, 98304, PROT_NONE) = 0
mmap(0x7f7ec69f7000, 69632, PROT_READ|PROT_EXEC, MAP_PRIVATE|MAP_FIXED|MAP_DENYWRITE, 3, 0x2000) = 0x7f7ec69f7000
mmap(0x7f7ec6a08000, 24576, PROT_READ, MAP_PRIVATE|MAP_FIXED|MAP_DENYWRITE, 3, 0x13000) = 0x7f7ec6a08000
mmap(0x7f7ec6a0f000, 8192, PROT_READ|PROT_WRITE, MAP_PRIVATE|MAP_FIXED|MAP_DENYWRITE, 3, 0x19000) = 0x7f7ec6a0f000
close(3)                                = 0
openat(AT_FDCWD, "/lib/x86_64-linux-gnu/libc.so.6", O_RDONLY|O_CLOEXEC) = 3
read(3, "\177ELF\2\1\1\3\0\0\0\0\0\0\0\0\3\0>\0\1\0\0\0P\237\2\0\0\0\0\0"..., 832) = 832
pread64(3, "\6\0\0\0\4\0\0\0@\0\0\0\0\0\0\0@\0\0\0\0\0\0\0@\0\0\0\0\0\0\0"..., 784, 64) = 784
pread64(3, "\4\0\0\0 \0\0\0\5\0\0\0GNU\0\2\0\0\300\4\0\0\0\3\0\0\0\0\0\0\0"..., 48, 848) = 48
pread64(3, "\4\0\0\0\24\0\0\0\3\0\0\0GNU\0I\17\357\204\3$\f\221\2039x\324\224\323\236S"..., 68, 896) = 68
newfstatat(3, "", {st_mode=S_IFREG|0755, st_size=2220400, ...}, AT_EMPTY_PATH) = 0
pread64(3, "\6\0\0\0\4\0\0\0@\0\0\0\0\0\0\0@\0\0\0\0\0\0\0@\0\0\0\0\0\0\0"..., 784, 64) = 784
mmap(NULL, 2264656, PROT_READ, MAP_PRIVATE|MAP_DENYWRITE, 3, 0) = 0x7f7ec67cc000
mprotect(0x7f7ec67f4000, 2023424, PROT_NONE) = 0
mmap(0x7f7ec67f4000, 1658880, PROT_READ|PROT_EXEC, MAP_PRIVATE|MAP_FIXED|MAP_DENYWRITE, 3, 0x28000) = 0x7f7ec67f4000
mmap(0x7f7ec6989000, 360448, PROT_READ, MAP_PRIVATE|MAP_FIXED|MAP_DENYWRITE, 3, 0x1bd000) = 0x7f7ec6989000
mmap(0x7f7ec69e2000, 24576, PROT_READ|PROT_WRITE, MAP_PRIVATE|MAP_FIXED|MAP_DENYWRITE, 3, 0x215000) = 0x7f7ec69e2000
mmap(0x7f7ec69e8000, 52816, PROT_READ|PROT_WRITE, MAP_PRIVATE|MAP_FIXED|MAP_ANONYMOUS, -1, 0) = 0x7f7ec69e8000
close(3)                                = 0
mmap(NULL, 12288, PROT_READ|PROT_WRITE, MAP_PRIVATE|MAP_ANONYMOUS, -1, 0) = 0x7f7ec67c9000
arch_prctl(ARCH_SET_FS, 0x7f7ec67c9740) = 0
set_tid_address(0x7f7ec67c9a10)         = 2496
set_robust_list(0x7f7ec67c9a20, 24)     = 0
rseq(0x7f7ec67ca0e0, 0x20, 0, 0x53053053) = 0
mprotect(0x7f7ec69e2000, 16384, PROT_READ) = 0
mprotect(0x7f7ec6a0f000, 4096, PROT_READ) = 0
mprotect(0x7f7ec6aa6000, 4096, PROT_READ) = 0
mprotect(0x5576e2cb7000, 16384, PROT_READ) = 0
mprotect(0x7f7ec6ae6000, 8192, PROT_READ) = 0
prlimit64(0, RLIMIT_STACK, NULL, {rlim_cur=8192*1024, rlim_max=RLIM64_INFINITY}) = 0
munmap(0x7f7ec6aa8000, 14963)           = 0
openat(AT_FDCWD, "/dev/null", O_RDWR)   = 3
close(3)                                = 0
rt_sigprocmask(SIG_UNBLOCK, [PIPE], NULL, 8) = 0
rt_sigaction(SIGPIPE, {sa_handler=SIG_DFL, sa_mask=[PIPE], sa_flags=SA_RESTORER|SA_RESTART, sa_restorer=0x7f7ec680e520}, {sa_handler=SIG_DFL, sa_mask=[], sa_flags=0}, 8) = 0
getrandom("\xb4\x29\x6f\xf2\x7a\xd2\x76\xca", 8, GRND_NONBLOCK) = 8
brk(NULL)                               = 0x5576e3193000
brk(0x5576e31b4000)                     = 0x5576e31b4000
newfstatat(AT_FDCWD, "/usr/share/locale", {st_mode=S_IFDIR|0755, st_size=4096, ...}, 0) = 0
openat(AT_FDCWD, "/usr/lib/locale/locale-archive", O_RDONLY|O_CLOEXEC) = -1 ENOENT (No such file or directory)
openat(AT_FDCWD, "/usr/share/locale/locale.alias", O_RDONLY|O_CLOEXEC) = 3
newfstatat(3, "", {st_mode=S_IFREG|0644, st_size=2996, ...}, AT_EMPTY_PATH) = 0
read(3, "# Locale name alias data base.\n#"..., 4096) = 2996
read(3, "", 4096)                       = 0
close(3)                                = 0
openat(AT_FDCWD, "/usr/lib/locale/C.UTF-8/LC_MESSAGES", O_RDONLY|O_CLOEXEC) = -1 ENOENT (No such file or directory)
openat(AT_FDCWD, "/usr/lib/locale/C.utf8/LC_MESSAGES", O_RDONLY|O_CLOEXEC) = 3
newfstatat(3, "", {st_mode=S_IFDIR|0755, st_size=4096, ...}, AT_EMPTY_PATH) = 0
close(3)                                = 0
openat(AT_FDCWD, "/usr/lib/locale/C.utf8/LC_MESSAGES/SYS_LC_MESSAGES", O_RDONLY|O_CLOEXEC) = 3
newfstatat(3, "", {st_mode=S_IFREG|0644, st_size=48, ...}, AT_EMPTY_PATH) = 0
mmap(NULL, 48, PROT_READ, MAP_PRIVATE, 3, 0) = 0x7f7ec6ae5000
close(3)                                = 0
openat(AT_FDCWD, "/usr/lib/x86_64-linux-gnu/gconv/gconv-modules.cache", O_RDONLY) = 3
newfstatat(3, "", {st_mode=S_IFREG|0644, st_size=27002, ...}, AT_EMPTY_PATH) = 0
mmap(NULL, 27002, PROT_READ, MAP_SHARED, 3, 0) = 0x7f7ec67c2000
close(3)                                = 0
futex(0x7f7ec69e7a6c, FUTEX_WAKE_PRIVATE, 2147483647) = 0
openat(AT_FDCWD, "/usr/lib/locale/C.UTF-8/LC_TIME", O_RDONLY|O_CLOEXEC) = -1 ENOENT (No such file or directory)
openat(AT_FDCWD, "/usr/lib/locale/C.utf8/LC_TIME", O_RDONLY|O_CLOEXEC) = 3
newfstatat(3, "", {st_mode=S_IFREG|0644, st_size=3360, ...}, AT_EMPTY_PATH) = 0
mmap(NULL, 3360, PROT_READ, MAP_PRIVATE, 3, 0) = 0x7f7ec6aab000
close(3)                                = 0
openat(AT_FDCWD, "/usr/lib/locale/C.UTF-8/LC_CTYPE", O_RDONLY|O_CLOEXEC) = -1 ENOENT (No such file or directory)
openat(AT_FDCWD, "/usr/lib/locale/C.utf8/LC_CTYPE", O_RDONLY|O_CLOEXEC) = 3
newfstatat(3, "", {st_mode=S_IFREG|0644, st_size=353616, ...}, AT_EMPTY_PATH) = 0
mmap(NULL, 353616, PROT_READ, MAP_PRIVATE, 3, 0) = 0x7f7ec676b000
close(3)                                = 0
access("/etc/gitconfig", R_OK)          = -1 ENOENT (No such file or directory)
access("/home/artem/.config/git/config", R_OK) = -1 ENOENT (No such file or directory)
access("/home/artem/.gitconfig", R_OK)  = 0
openat(AT_FDCWD, "/home/artem/.gitconfig", O_RDONLY) = 3
newfstatat(3, "", {st_mode=S_IFREG|0644, st_size=54, ...}, AT_EMPTY_PATH) = 0
newfstatat(3, "", {st_mode=S_IFREG|0644, st_size=54, ...}, AT_EMPTY_PATH) = 0
read(3, "[user]\n\temail = artembabichev@gm"..., 4096) = 54
read(3, "", 4096)                       = 0
close(3)                                = 0
getcwd("/home/artem/mf_new", 129)       = 19
newfstatat(AT_FDCWD, "/home/artem/mf_new", {st_mode=S_IFDIR|0777, st_size=4096, ...}, 0) = 0
newfstatat(AT_FDCWD, "/home/artem/mf_new/.git", {st_mode=S_IFDIR|0777, st_size=4096, ...}, 0) = 0
newfstatat(AT_FDCWD, "/home/artem/mf_new/.git/HEAD", {st_mode=S_IFREG|0644, st_size=21, ...}, AT_SYMLINK_NOFOLLOW) = 0
openat(AT_FDCWD, "/home/artem/mf_new/.git/HEAD", O_RDONLY) = 3
read(3, "ref: refs/heads/main\n", 255)  = 21
read(3, "", 234)                        = 0
close(3)                                = 0
newfstatat(AT_FDCWD, "/home/artem/mf_new/.git/commondir", 0x7fff0b7fba80, AT_SYMLINK_NOFOLLOW) = -1 ENOENT (No such file or directory)
access("/home/artem/mf_new/.git/objects", X_OK) = 0
access("/home/artem/mf_new/.git/refs", X_OK) = 0
newfstatat(AT_FDCWD, "/home/artem/mf_new", {st_mode=S_IFDIR|0777, st_size=4096, ...}, AT_SYMLINK_NOFOLLOW) = 0
geteuid()                               = 1000
newfstatat(AT_FDCWD, "/home/artem/mf_new/.git", {st_mode=S_IFDIR|0777, st_size=4096, ...}, AT_SYMLINK_NOFOLLOW) = 0
geteuid()                               = 1000
newfstatat(AT_FDCWD, ".git/commondir", 0x7fff0b7fbb70, AT_SYMLINK_NOFOLLOW) = -1 ENOENT (No such file or directory)
openat(AT_FDCWD, ".git/config", O_RDONLY) = 3
newfstatat(3, "", {st_mode=S_IFREG|0777, st_size=262, ...}, AT_EMPTY_PATH) = 0
newfstatat(3, "", {st_mode=S_IFREG|0777, st_size=262, ...}, AT_EMPTY_PATH) = 0
read(3, "[core]\n\trepositoryformatversion "..., 4096) = 262
read(3, "", 4096)                       = 0
close(3)                                = 0
getcwd("/home/artem/mf_new", 129)       = 19
newfstatat(AT_FDCWD, ".git", {st_mode=S_IFDIR|0777, st_size=4096, ...}, 0) = 0
newfstatat(AT_FDCWD, ".git/commondir", 0x7fff0b7fbb30, AT_SYMLINK_NOFOLLOW) = -1 ENOENT (No such file or directory)
access("/etc/gitconfig", R_OK)          = -1 ENOENT (No such file or directory)
access("/home/artem/.config/git/config", R_OK) = -1 ENOENT (No such file or directory)
access("/home/artem/.gitconfig", R_OK)  = 0
openat(AT_FDCWD, "/home/artem/.gitconfig", O_RDONLY) = 3
newfstatat(3, "", {st_mode=S_IFREG|0644, st_size=54, ...}, AT_EMPTY_PATH) = 0
newfstatat(3, "", {st_mode=S_IFREG|0644, st_size=54, ...}, AT_EMPTY_PATH) = 0
read(3, "[user]\n\temail = artembabichev@gm"..., 4096) = 54
read(3, "", 4096)                       = 0
close(3)                                = 0
access(".git/config", R_OK)             = 0
openat(AT_FDCWD, ".git/config", O_RDONLY) = 3
newfstatat(3, "", {st_mode=S_IFREG|0777, st_size=262, ...}, AT_EMPTY_PATH) = 0
newfstatat(3, "", {st_mode=S_IFREG|0777, st_size=262, ...}, AT_EMPTY_PATH) = 0
read(3, "[core]\n\trepositoryformatversion "..., 4096) = 262
read(3, "", 4096)                       = 0
close(3)                                = 0
access("/etc/gitconfig", R_OK)          = -1 ENOENT (No such file or directory)
access("/home/artem/.config/git/config", R_OK) = -1 ENOENT (No such file or directory)
access("/home/artem/.gitconfig", R_OK)  = 0
openat(AT_FDCWD, "/home/artem/.gitconfig", O_RDONLY) = 3
newfstatat(3, "", {st_mode=S_IFREG|0644, st_size=54, ...}, AT_EMPTY_PATH) = 0
newfstatat(3, "", {st_mode=S_IFREG|0644, st_size=54, ...}, AT_EMPTY_PATH) = 0
read(3, "[user]\n\temail = artembabichev@gm"..., 4096) = 54
read(3, "", 4096)                       = 0
close(3)                                = 0
access(".git/config", R_OK)             = 0
openat(AT_FDCWD, ".git/config", O_RDONLY) = 3
newfstatat(3, "", {st_mode=S_IFREG|0777, st_size=262, ...}, AT_EMPTY_PATH) = 0
newfstatat(3, "", {st_mode=S_IFREG|0777, st_size=262, ...}, AT_EMPTY_PATH) = 0
read(3, "[core]\n\trepositoryformatversion "..., 4096) = 262
read(3, "", 4096)                       = 0
close(3)                                = 0
newfstatat(AT_FDCWD, ".git/commondir", 0x7fff0b7fb1f0, AT_SYMLINK_NOFOLLOW) = -1 ENOENT (No such file or directory)
newfstatat(AT_FDCWD, ".git/HEAD", {st_mode=S_IFREG|0644, st_size=21, ...}, AT_SYMLINK_NOFOLLOW) = 0
openat(AT_FDCWD, ".git/HEAD", O_RDONLY) = 3
read(3, "ref: refs/heads/main\n", 256)  = 21
read(3, "", 235)                        = 0
close(3)                                = 0
newfstatat(AT_FDCWD, ".git/refs/heads/main", {st_mode=S_IFREG|0644, st_size=41, ...}, AT_SYMLINK_NOFOLLOW) = 0
openat(AT_FDCWD, ".git/refs/heads/main", O_RDONLY) = 3
read(3, "31923c9e84f77fb7948682672a9cdcfe"..., 256) = 41
read(3, "", 215)                        = 0
close(3)                                = 0
ioctl(2, TCGETS, {B38400 opost isig icanon echo ...}) = 0
ioctl(2, TCGETS, {B38400 opost isig icanon echo ...}) = 0
ioctl(2, TCGETS, {B38400 opost isig icanon echo ...}) = 0
openat(AT_FDCWD, ".git/refs/", O_RDONLY|O_NONBLOCK|O_CLOEXEC|O_DIRECTORY) = 3
newfstatat(3, "", {st_mode=S_IFDIR|0777, st_size=4096, ...}, AT_EMPTY_PATH) = 0
getdents64(3, 0x5576e319a490 /* 5 entries */, 32768) = 136
newfstatat(AT_FDCWD, ".git/refs/tags", {st_mode=S_IFDIR|0777, st_size=4096, ...}, 0) = 0
newfstatat(AT_FDCWD, ".git/refs/heads", {st_mode=S_IFDIR|0777, st_size=4096, ...}, 0) = 0
newfstatat(AT_FDCWD, ".git/refs/remotes", {st_mode=S_IFDIR|0777, st_size=4096, ...}, 0) = 0
getdents64(3, 0x5576e319a490 /* 0 entries */, 32768) = 0
close(3)                                = 0
openat(AT_FDCWD, ".git/refs/bisect/", O_RDONLY|O_NONBLOCK|O_CLOEXEC|O_DIRECTORY) = -1 ENOENT (No such file or directory)
openat(AT_FDCWD, ".git/refs/heads/", O_RDONLY|O_NONBLOCK|O_CLOEXEC|O_DIRECTORY) = 3
newfstatat(3, "", {st_mode=S_IFDIR|0777, st_size=4096, ...}, AT_EMPTY_PATH) = 0
getdents64(3, 0x5576e31a2690 /* 4 entries */, 32768) = 104
newfstatat(AT_FDCWD, ".git/refs/heads/new-branch", {st_mode=S_IFREG|0644, st_size=41, ...}, 0) = 0
newfstatat(AT_FDCWD, ".git/refs/heads/new-branch", {st_mode=S_IFREG|0644, st_size=41, ...}, AT_SYMLINK_NOFOLLOW) = 0
openat(AT_FDCWD, ".git/refs/heads/new-branch", O_RDONLY) = 4
read(4, "31923c9e84f77fb7948682672a9cdcfe"..., 256) = 41
read(4, "", 215)                        = 0
close(4)                                = 0
newfstatat(AT_FDCWD, ".git/refs/heads/main", {st_mode=S_IFREG|0644, st_size=41, ...}, 0) = 0
newfstatat(AT_FDCWD, ".git/refs/heads/main", {st_mode=S_IFREG|0644, st_size=41, ...}, AT_SYMLINK_NOFOLLOW) = 0
openat(AT_FDCWD, ".git/refs/heads/main", O_RDONLY) = 4
read(4, "31923c9e84f77fb7948682672a9cdcfe"..., 256) = 41
read(4, "", 215)                        = 0
close(4)                                = 0
getdents64(3, 0x5576e31a2690 /* 0 entries */, 32768) = 0
close(3)                                = 0
openat(AT_FDCWD, ".git/refs/remotes/", O_RDONLY|O_NONBLOCK|O_CLOEXEC|O_DIRECTORY) = 3
newfstatat(3, "", {st_mode=S_IFDIR|0777, st_size=4096, ...}, AT_EMPTY_PATH) = 0
getdents64(3, 0x5576e31a2690 /* 3 entries */, 32768) = 80
newfstatat(AT_FDCWD, ".git/refs/remotes/origin", {st_mode=S_IFDIR|0777, st_size=4096, ...}, 0) = 0
getdents64(3, 0x5576e31a2690 /* 0 entries */, 32768) = 0
close(3)                                = 0
openat(AT_FDCWD, ".git/refs/remotes/origin/", O_RDONLY|O_NONBLOCK|O_CLOEXEC|O_DIRECTORY) = 3
newfstatat(3, "", {st_mode=S_IFDIR|0777, st_size=4096, ...}, AT_EMPTY_PATH) = 0
getdents64(3, 0x5576e31a2690 /* 2 entries */, 32768) = 48
getdents64(3, 0x5576e31a2690 /* 0 entries */, 32768) = 0
close(3)                                = 0
openat(AT_FDCWD, ".git/refs/tags/", O_RDONLY|O_NONBLOCK|O_CLOEXEC|O_DIRECTORY) = 3
newfstatat(3, "", {st_mode=S_IFDIR|0777, st_size=4096, ...}, AT_EMPTY_PATH) = 0
getdents64(3, 0x5576e31a2690 /* 2 entries */, 32768) = 48
getdents64(3, 0x5576e31a2690 /* 0 entries */, 32768) = 0
close(3)                                = 0
openat(AT_FDCWD, ".git/refs/worktree/", O_RDONLY|O_NONBLOCK|O_CLOEXEC|O_DIRECTORY) = -1 ENOENT (No such file or directory)
openat(AT_FDCWD, ".git/refs/rewritten/", O_RDONLY|O_NONBLOCK|O_CLOEXEC|O_DIRECTORY) = -1 ENOENT (No such file or directory)
openat(AT_FDCWD, ".git/packed-refs", O_RDONLY) = 3
newfstatat(3, "", {st_mode=S_IFREG|0777, st_size=169, ...}, AT_EMPTY_PATH) = 0
newfstatat(3, "", {st_mode=S_IFREG|0777, st_size=169, ...}, AT_EMPTY_PATH) = 0
read(3, "# pack-refs with: peeled fully-p"..., 169) = 169
close(3)                                = 0
rt_sigaction(SIGCHLD, {sa_handler=SIG_DFL, sa_mask=[CHLD], sa_flags=SA_RESTORER|SA_RESTART, sa_restorer=0x7f7ec680e520}, {sa_handler=SIG_DFL, sa_mask=[], sa_flags=0}, 8) = 0
pipe2([3, 4], 0)                        = 0
pipe2([5, 6], 0)                        = 0
newfstatat(AT_FDCWD, "/usr/lib/git-core/ssh", 0x7fff0b7fad40, 0) = -1 ENOENT (No such file or directory)
newfstatat(AT_FDCWD, "/usr/local/sbin/ssh", 0x7fff0b7fad40, 0) = -1 ENOENT (No such file or directory)
newfstatat(AT_FDCWD, "/usr/local/bin/ssh", 0x7fff0b7fad40, 0) = -1 ENOENT (No such file or directory)
newfstatat(AT_FDCWD, "/usr/sbin/ssh", 0x7fff0b7fad40, 0) = -1 ENOENT (No such file or directory)
newfstatat(AT_FDCWD, "/usr/bin/ssh", {st_mode=S_IFREG|0755, st_size=846888, ...}, 0) = 0
pipe2([7, 8], 0)                        = 0
rt_sigprocmask(SIG_SETMASK, ~[RTMIN RT_1], [], 8) = 0
clone(child_stack=NULL, flags=CLONE_CHILD_CLEARTID|CLONE_CHILD_SETTID|SIGCHLD, child_tidptr=0x7f7ec67c9a10) = 2497
rt_sigprocmask(SIG_SETMASK, [], NULL, 8) = 0
close(8)                                = 0
read(7, "", 8)                          = 0
close(7)                                = 0
close(3)                                = 0
close(6)                                = 0
read(5, "0123", 4)                      = 4
read(5, "37a5bf1f3e0abe2b92e944d21f1c753a"..., 287) = 287
read(5, "0000", 4)                      = 4
openat(AT_FDCWD, ".git/objects/info/alternates", O_RDONLY) = -1 ENOENT (No such file or directory)
openat(AT_FDCWD, ".git/objects/pack/multi-pack-index", O_RDONLY|O_CLOEXEC) = -1 ENOENT (No such file or directory)
openat(AT_FDCWD, ".git/objects/pack", O_RDONLY|O_NONBLOCK|O_CLOEXEC|O_DIRECTORY) = 3
newfstatat(3, "", {st_mode=S_IFDIR|0777, st_size=4096, ...}, AT_EMPTY_PATH) = 0
getdents64(3, 0x5576e31a2690 /* 4 entries */, 32768) = 192
access(".git/objects/pack/pack-493c5135794791e010f5f6ae90a42fdcef2176a3.keep", F_OK) = -1 ENOENT (No such file or directory)
access(".git/objects/pack/pack-493c5135794791e010f5f6ae90a42fdcef2176a3.promisor", F_OK) = -1 ENOENT (No such file or directory)
newfstatat(AT_FDCWD, ".git/objects/pack/pack-493c5135794791e010f5f6ae90a42fdcef2176a3.pack", {st_mode=S_IFREG|0777, st_size=77842, ...}, 0) = 0
getdents64(3, 0x5576e31a2690 /* 0 entries */, 32768) = 0
close(3)                                = 0
openat(AT_FDCWD, ".git/objects/pack/pack-493c5135794791e010f5f6ae90a42fdcef2176a3.idx", O_RDONLY|O_CLOEXEC) = 3
newfstatat(3, "", {st_mode=S_IFREG|0777, st_size=4600, ...}, AT_EMPTY_PATH) = 0
mmap(NULL, 4600, PROT_READ, MAP_PRIVATE, 3, 0) = 0x7f7ec6aa9000
close(3)                                = 0
prlimit64(0, RLIMIT_NOFILE, NULL, {rlim_cur=1024, rlim_max=1024*1024}) = 0
openat(AT_FDCWD, ".git/objects/pack/pack-493c5135794791e010f5f6ae90a42fdcef2176a3.pack", O_RDONLY|O_CLOEXEC) = 3
newfstatat(3, "", {st_mode=S_IFREG|0777, st_size=77842, ...}, AT_EMPTY_PATH) = 0
read(3, "PACK\0\0\0\2\0\0\0~", 12)      = 12
pread64(3, "I<Q5yG\221\340\20\365\366\256\220\244/\334\357!v\243", 20, 77822) = 20
newfstatat(AT_FDCWD, ".git/packed-refs", {st_mode=S_IFREG|0777, st_size=169, ...}, 0) = 0
mmap(NULL, 77842, PROT_READ, MAP_PRIVATE, 3, 0) = 0x7f7ec6757000
close(3)                                = 0
brk(0x5576e31d5000)                     = 0x5576e31d5000
openat(AT_FDCWD, ".git/info/grafts", O_RDONLY) = -1 ENOENT (No such file or directory)
openat(AT_FDCWD, ".git/shallow", O_RDONLY) = -1 ENOENT (No such file or directory)
openat(AT_FDCWD, ".git/objects/info/commit-graph", O_RDONLY|O_CLOEXEC) = 3
newfstatat(3, "", {st_mode=S_IFREG|0777, st_size=1292, ...}, AT_EMPTY_PATH) = 0
mmap(NULL, 1292, PROT_READ, MAP_PRIVATE, 3, 0) = 0x7f7ec6aa8000
close(3)                                = 0
mmap(NULL, 524288, PROT_READ|PROT_WRITE, MAP_PRIVATE|MAP_ANONYMOUS, -1, 0) = 0x7f7ec66d7000
mmap(NULL, 524288, PROT_READ|PROT_WRITE, MAP_PRIVATE|MAP_ANONYMOUS, -1, 0) = 0x7f7ec6657000
newfstatat(AT_FDCWD, ".git/objects/31/923c9e84f77fb7948682672a9cdcfe579d82d5", {st_mode=S_IFREG|0444, st_size=155, ...}, AT_SYMLINK_NOFOLLOW) = 0
openat(AT_FDCWD, ".git/objects/31/923c9e84f77fb7948682672a9cdcfe579d82d5", O_RDONLY|O_CLOEXEC) = 3
newfstatat(3, "", {st_mode=S_IFREG|0444, st_size=155, ...}, AT_EMPTY_PATH) = 0
mmap(NULL, 155, PROT_READ, MAP_PRIVATE, 3, 0) = 0x7f7ec6656000
close(3)                                = 0
munmap(0x7f7ec6656000, 155)             = 0
openat(AT_FDCWD, ".git/objects/31/923c9e84f77fb7948682672a9cdcfe579d82d5", O_RDONLY|O_CLOEXEC) = 3
newfstatat(3, "", {st_mode=S_IFREG|0444, st_size=155, ...}, AT_EMPTY_PATH) = 0
mmap(NULL, 155, PROT_READ, MAP_PRIVATE, 3, 0) = 0x7f7ec6656000
close(3)                                = 0
munmap(0x7f7ec6656000, 155)             = 0
access(".git/hooks/pre-push", X_OK)     = -1 ENOENT (No such file or directory)
write(4, "00a937a5bf1f3e0abe2b92e944d21f1c"..., 169) = 169
write(4, "0000", 4)                     = 4
pipe2([3, 6], 0)                        = 0
fcntl(6, F_GETFD)                       = 0
fcntl(6, F_SETFD, FD_CLOEXEC)           = 0
rt_sigaction(SIGRT_1, {sa_handler=0x7f7ec685d870, sa_mask=[], sa_flags=SA_RESTORER|SA_ONSTACK|SA_RESTART|SA_SIGINFO, sa_restorer=0x7f7ec680e520}, NULL, 8) = 0
rt_sigprocmask(SIG_UNBLOCK, [RTMIN RT_1], NULL, 8) = 0
mmap(NULL, 8392704, PROT_NONE, MAP_PRIVATE|MAP_ANONYMOUS|MAP_STACK, -1, 0) = 0x7f7ec5e56000
mprotect(0x7f7ec5e57000, 8388608, PROT_READ|PROT_WRITE) = 0
rt_sigprocmask(SIG_BLOCK, ~[], [], 8)   = 0
clone3({flags=CLONE_VM|CLONE_FS|CLONE_FILES|CLONE_SIGHAND|CLONE_THREAD|CLONE_SYSVSEM|CLONE_SETTLS|CLONE_PARENT_SETTID|CLONE_CHILD_CLEARTID, child_tid=0x7f7ec6656910, parent_tid=0x7f7ec6656910, exit_signal=0, stack=0x7f7ec5e56000, stack_size=0x7fff00, tls=0x7f7ec6656640} => {parent_tid=[2503]}, 88) = 2503
rt_sigprocmask(SIG_SETMASK, [], NULL, 8) = 0
pipe2([7, 8], 0)                        = 0
newfstatat(AT_FDCWD, "/usr/lib/git-core/git", {st_mode=S_IFREG|0755, st_size=3710360, ...}, 0) = 0
pipe2([9, 10], 0)                       = 0
rt_sigprocmask(SIG_SETMASK, ~[RTMIN RT_1], [], 8) = 0
clone(child_stack=NULL, flags=CLONE_CHILD_CLEARTID|CLONE_CHILD_SETTID|SIGCHLD, child_tidptr=0x7f7ec67c9a10) = 2504
rt_sigprocmask(SIG_SETMASK, [], NULL, 8) = 0
rt_sigaction(SIGINT, {sa_handler=0x5576e2b684a0, sa_mask=[INT], sa_flags=SA_RESTORER|SA_RESTART, sa_restorer=0x7f7ec680e520}, {sa_handler=SIG_DFL, sa_mask=[], sa_flags=0}, 8) = 0
rt_sigaction(SIGHUP, {sa_handler=0x5576e2b684a0, sa_mask=[HUP], sa_flags=SA_RESTORER|SA_RESTART, sa_restorer=0x7f7ec680e520}, {sa_handler=SIG_DFL, sa_mask=[], sa_flags=0}, 8) = 0
rt_sigaction(SIGTERM, {sa_handler=0x5576e2b684a0, sa_mask=[TERM], sa_flags=SA_RESTORER|SA_RESTART, sa_restorer=0x7f7ec680e520}, {sa_handler=SIG_DFL, sa_mask=[], sa_flags=0}, 8) = 0
rt_sigaction(SIGQUIT, {sa_handler=0x5576e2b684a0, sa_mask=[QUIT], sa_flags=SA_RESTORER|SA_RESTART, sa_restorer=0x7f7ec680e520}, {sa_handler=SIG_DFL, sa_mask=[], sa_flags=0}, 8) = 0
rt_sigaction(SIGPIPE, {sa_handler=0x5576e2b684a0, sa_mask=[PIPE], sa_flags=SA_RESTORER|SA_RESTART, sa_restorer=0x7f7ec680e520}, {sa_handler=SIG_DFL, sa_mask=[PIPE], sa_flags=SA_RESTORER|SA_RESTART, sa_restorer=0x7f7ec680e520}, 8) = 0
close(10)                               = 0
read(9, "", 8)                          = 0
close(9)                                = 0
close(7)                                = 0
close(4)                                = 0
fcntl(8, F_GETFL)                       = 0x1 (flags O_WRONLY)
newfstatat(8, "", {st_mode=S_IFIFO|0600, st_size=0, ...}, AT_EMPTY_PATH) = 0
write(8, "^37a5bf1f3e0abe2b92e944d21f1c753"..., 83) = 83
close(8)                                = 0
wait4(2504, [{WIFEXITED(s) && WEXITSTATUS(s) == 0}], 0, NULL) = 2504
--- SIGCHLD {si_signo=SIGCHLD, si_code=CLD_EXITED, si_pid=2504, si_uid=1000, si_status=0, si_utime=0, si_stime=0} ---
read(3, 0x7fff0b7fad64, 4)              = ? ERESTARTSYS (To be restarted if SA_RESTART is set)
--- SIGINT {si_signo=SIGINT, si_code=SI_KERNEL} ---
rt_sigaction(SIGINT, {sa_handler=SIG_DFL, sa_mask=[INT], sa_flags=SA_RESTORER|SA_RESTART, sa_restorer=0x7f7ec680e520}, {sa_handler=0x5576e2b684a0, sa_mask=[INT], sa_flags=SA_RESTORER|SA_RESTART, sa_restorer=0x7f7ec680e520}, 8) = 0
gettid()                                = 2496
getpid()                                = 2496
--- SIGCHLD {si_signo=SIGCHLD, si_code=CLD_EXITED, si_pid=2497, si_uid=1000, si_status=255, si_utime=1, si_stime=1} ---
tgkill(2496, 2496, SIGINT)              = 0
rt_sigreturn({mask=[]})                 = 0
--- SIGINT {si_signo=SIGINT, si_code=SI_TKILL, si_pid=2496, si_uid=1000} ---
+++ killed by SIGINT +++
